<?xml version="1.0" encoding="UTF-8"?>
<!-- Generated by org.testng.reporters.JUnitReportReporter -->
<testsuite hostname="USVMABS189" name="Test.LoginPageTest" tests="2" failures="0" timestamp="12 Jul 2019 15:15:22 GMT" time="24.600" errors="0">
  <testcase name="LoginTest" time="11.047" classname="Test.LoginPageTest"/>
  <testcase name="validateLoginPageTitleTest" time="13.553" classname="Test.LoginPageTest"/>
</testsuite> <!-- Test.LoginPageTest -->
