<?xml version="1.0" encoding="UTF-8"?>
<!-- Generated by org.testng.reporters.JUnitReportReporter -->
<testsuite hostname="USVMABS189" name="Test.PendingListTest" tests="1" failures="0" timestamp="12 Jul 2019 15:16:38 GMT" time="25.046" errors="0">
  <testcase name="pendingclick" time="25.046" classname="Test.PendingListTest"/>
</testsuite> <!-- Test.PendingListTest -->
