<?xml version="1.0" encoding="UTF-8"?>
<!-- Generated by org.testng.reporters.JUnitReportReporter -->
<testsuite hostname="USVMABS189" name="ClassesPackage.Jabong" tests="1" failures="0" timestamp="6 Aug 2019 15:06:42 GMT" time="9.534" errors="0">
  <testcase name="shop" time="9.534" classname="ClassesPackage.Jabong"/>
</testsuite> <!-- ClassesPackage.Jabong -->
