<?xml version="1.0" encoding="UTF-8"?>
<!-- Generated by org.testng.reporters.JUnitReportReporter -->
<testsuite hostname="USVMABS189" name="ClassesPackage.Amazon" tests="3" failures="0" timestamp="6 Aug 2019 15:06:42 GMT" time="33.578" errors="0">
  <testcase name="login" time="9.729" classname="ClassesPackage.Amazon"/>
  <testcase name="search" time="14.447" classname="ClassesPackage.Amazon"/>
  <testcase name="title" time="9.402" classname="ClassesPackage.Amazon"/>
</testsuite> <!-- ClassesPackage.Amazon -->
